<?xml version="1.0" encoding="UTF-8"?>
<testsuite xmlns:xsi="http://www.w3.org/2001/XMLSchema-instance" xsi:noNamespaceSchemaLocation="https://maven.apache.org/surefire/maven-surefire-plugin/xsd/surefire-test-report-3.0.xsd" version="3.0" name="pt.ua.tqsproject.ACPRepositoryTests" time="12.432" tests="1" errors="0" skipped="0" failures="0">
  <properties>
[...]
</properties>
  <testcase name="testCreateReadDelete" classname="pt.ua.tqsproject.ACPRepositoryTests" time="2.068">
    <system-out><![CDATA[20:43:35.082 [main] DEBUG org.springframework.boot.test.autoconfigure.orm.jpa.DataJpaTestContextBootstrapper -- Neither @ContextConfiguration nor @ContextHierarchy found for test class [ACPRepositoryTests]: using SpringBootContextLoader
20:43:35.124 [main] DEBUG org.springframework.test.context.support.AbstractContextLoader -- Could not detect default resource locations for test class [pt.ua.tqsproject.ACPRepositoryTests]: no resource found for suffixes {-context.xml, Context.groovy}.
20:43:35.126 [main] INFO org.springframework.test.context.support.AnnotationConfigContextLoaderUtils -- Could not detect default configuration classes for test class [pt.ua.tqsproject.ACPRepositoryTests]: ACPRepositoryTests does not declare any static, non-private, non-final, nested classes annotated with @Configuration.
20:43:35.280 [main] DEBUG org.springframework.boot.test.autoconfigure.orm.jpa.DataJpaTestContextBootstrapper -- Using ContextCustomizers for test class [ACPRepositoryTests]: [ImportsContextCustomizer, ExcludeFilterContextCustomizer, DuplicateJsonObjectContextCustomizer, MockitoContextCustomizer, DisableAutoConfigurationContextCustomizer, DisableObservabilityContextCustomizer, TypeExcludeFiltersContextCustomizer, PropertyMappingContextCustomizer, Customizer]
20:43:35.543 [main] DEBUG org.springframework.context.annotation.ClassPathScanningCandidateComponentProvider -- Identified candidate component class: file [C:\Users\ricar\Desktop\PickUs\PickUs\target\classes\pt\ua\tqsproject\TqsProjectApplication.class]
20:43:35.546 [main] INFO org.springframework.boot.test.context.SpringBootTestContextBootstrapper -- Found @SpringBootConfiguration pt.ua.tqsproject.TqsProjectApplication for test class pt.ua.tqsproject.ACPRepositoryTests
20:43:35.611 [main] DEBUG org.springframework.boot.test.autoconfigure.orm.jpa.DataJpaTestContextBootstrapper -- Using TestExecutionListeners for test class [ACPRepositoryTests]: [ServletTestExecutionListener, DirtiesContextBeforeModesTestExecutionListener, ApplicationEventsTestExecutionListener, MockitoTestExecutionListener, DependencyInjectionTestExecutionListener, DirtiesContextTestExecutionListener, TransactionalTestExecutionListener, SqlScriptsTestExecutionListener, EventPublishingTestExecutionListener, ResetMocksTestExecutionListener, RestDocsTestExecutionListener, MockRestServiceServerResetTestExecutionListener, MockMvcPrintOnlyOnFailureTestExecutionListener, WebDriverTestExecutionListener, MockWebServiceServerTestExecutionListener]
20:43:35.615 [main] DEBUG org.springframework.test.context.support.AbstractDirtiesContextTestExecutionListener -- Before test class: class [ACPRepositoryTests], class annotated with @DirtiesContext [false] with mode [null]
20:43:35.652 [main] DEBUG org.springframework.test.context.support.DependencyInjectionTestExecutionListener -- Performing dependency injection for test class pt.ua.tqsproject.ACPRepositoryTests

  .   ____          _            __ _ _
 /\\ / ___'_ __ _ _(_)_ __  __ _ \ \ \ \
( ( )\___ | '_ | '_| | '_ \/ _` | \ \ \ \
 \\/  ___)| |_)| | | | | || (_| |  ) ) ) )
  '  |____| .__|_| |_|_| |_\__, | / / / /
 =========|_|==============|___/=/_/_/_/
 :: Spring Boot ::                (v3.0.6)

2023-05-18T20:43:36.713+01:00  INFO 12004 --- [           main] pt.ua.tqsproject.ACPRepositoryTests      : Starting ACPRepositoryTests using Java 18 with PID 12004 (started by ricar in C:\Users\ricar\Desktop\PickUs\PickUs)
2023-05-18T20:43:36.716+01:00  INFO 12004 --- [           main] pt.ua.tqsproject.ACPRepositoryTests      : No active profile set, falling back to 1 default profile: "default"
2023-05-18T20:43:37.661+01:00  INFO 12004 --- [           main] .s.d.r.c.RepositoryConfigurationDelegate : Bootstrapping Spring Data JPA repositories in DEFAULT mode.
2023-05-18T20:43:37.748+01:00  INFO 12004 --- [           main] .s.d.r.c.RepositoryConfigurationDelegate : Finished Spring Data repository scanning in 74 ms. Found 1 JPA repository interfaces.
2023-05-18T20:43:38.479+01:00  INFO 12004 --- [           main] o.hibernate.jpa.internal.util.LogHelper  : HHH000204: Processing PersistenceUnitInfo [name: default]
2023-05-18T20:43:38.641+01:00  INFO 12004 --- [           main] org.hibernate.Version                    : HHH000412: Hibernate ORM core version 6.1.7.Final
2023-05-18T20:43:39.591+01:00  INFO 12004 --- [           main] com.zaxxer.hikari.HikariDataSource       : HikariPool-1 - Starting...
2023-05-18T20:43:41.032+01:00  INFO 12004 --- [           main] com.zaxxer.hikari.pool.HikariPool        : HikariPool-1 - Added connection com.mysql.cj.jdbc.ConnectionImpl@6a29476d
2023-05-18T20:43:41.036+01:00  INFO 12004 --- [           main] com.zaxxer.hikari.HikariDataSource       : HikariPool-1 - Start completed.
2023-05-18T20:43:41.532+01:00  INFO 12004 --- [           main] SQL dialect                              : HHH000400: Using dialect: org.hibernate.dialect.MySQLDialect
2023-05-18T20:43:43.615+01:00  INFO 12004 --- [           main] o.h.e.t.j.p.i.JtaPlatformInitiator       : HHH000490: Using JtaPlatform implementation: [org.hibernate.engine.transaction.jta.platform.internal.NoJtaPlatform]
2023-05-18T20:43:43.638+01:00  INFO 12004 --- [           main] j.LocalContainerEntityManagerFactoryBean : Initialized JPA EntityManagerFactory for persistence unit 'default'
2023-05-18T20:43:44.201+01:00  INFO 12004 --- [           main] pt.ua.tqsproject.ACPRepositoryTests      : Started ACPRepositoryTests in 8.447 seconds (process running for 12.274)
Hibernate: select next_val as id_val from acp_seq for update
Hibernate: update acp_seq set next_val= ? where next_val=?
Hibernate: insert into acp (city, name, id) values (?, ?, ?)
Hibernate: select a1_0.id,a1_0.city,a1_0.name from acp a1_0
Hibernate: select a1_0.id,a1_0.city,a1_0.name from acp a1_0
Hibernate: select a1_0.id,a1_0.city,a1_0.name from acp a1_0
Hibernate: delete from acp where id=?
Hibernate: select a1_0.id,a1_0.city,a1_0.name from acp a1_0
]]></system-out>
  </testcase>
</testsuite>